value=
val_type=shmem_wave
data_type=double
value_id=5570565
semaphore_id=2293763
eval_id=
value=
val_type=shmem_wave
data_type=double
value_id=5570565
semaphore_id=2293763
eval_id=
value=
val_type=shmem_wave
data_type=double
value_id=5570565
semaphore_id=2293763
eval_id=
value=
val_type=shmem_wave
data_type=double
value_id=5570565
semaphore_id=2293763
eval_id=
value=
val_type=shmem_wave
data_type=double
value_id=5570565
semaphore_id=2293763
eval_id=
value=
val_type=shmem_wave
data_type=double
value_id=5570565
semaphore_id=2293763
eval_id=
