\o Program:		@(#)$CDS: libManager.exe version Exp 01/19/2010 20:09 (ocelot-linux) $
\o Sub version:		sub-version none
\o Arguments:		-unmapped -mpssession icfb11105 -mpshost icdvm15.ewi.tudelft.nl 
\o Working Directory:	icdvm15.ewi.tudelft.nl:/home/rmol/ICProject/cell_design
\o Warning: LIB basic from File /home/rmol/ICProject/cell_design/cds.lib Line 5 redefines
\o LIB basic from File /u/55/55/cadence/DesignKits/UMC090_ET4293/designkit/cds.lib
\o Insert UNDEFINE basic
\o before DEFINE basic
\o     in /home/rmol/ICProject/cell_design/cds.lib
\o Or remove or comment out DEFINE basic
\o     in /u/55/55/cadence/DesignKits/UMC090_ET4293/designkit/cds.lib
\o to suppress this warning message.
\o Library Manager customization server connected.
MPS service: map window
\o Log file is "/home/rmol/ICProject/cell_design/libManager.log".
Opening libManager window.
Main selection: ICProject
Invoking command (fileNewCellView).
Main selection: ICProject xor2 schematic
\o Opening design file through session server.
MPS request: edit design
\o Opening design file through session server.
MPS request: edit design
\o Opening design file through session server.
MPS request: edit design
Main selection: ICProject nand2_test schematic
Invoking command (editCopySimple).
Showing dialog "Copy View" (simpleCopyDialog).
Dialog activated Ok in "Copy Cell" (simpleCopyDialog).
\o Performing copy
\o 	from: ICProject nand2_test  
\o 	  to: ICProject xor2_test  
\o Processing files to be copied...
\o Generating copy list.
\o Checking copy destinations.
\o Beginning simple copy to library "ICProject".
Showing dialog "Copy Monitor - 4 Files" (copyProgressDialog).
\o Copying ICProject/nand2_test/schematic
\o Transfer of 4 files phase complete in  0:00:00
Closing dialog "Copy Monitor - 4 Files" (copyProgressDialog).
\o Copy is done
\o Warning: LIB basic from File /home/rmol/ICProject/cell_design/cds.lib Line 5 redefines
\o LIB basic from File /u/55/55/cadence/DesignKits/UMC090_ET4293/designkit/cds.lib
\o Insert UNDEFINE basic
\o before DEFINE basic
\o     in /home/rmol/ICProject/cell_design/cds.lib
\o Or remove or comment out DEFINE basic
\o     in /u/55/55/cadence/DesignKits/UMC090_ET4293/designkit/cds.lib
\o to suppress this warning message.
MPS request: update library list
Closing dialog "Copy Cell" (simpleCopyDialog).
Main selection: ICProject xor2_test schematic
\o Opening design file through session server.
MPS request: edit design
MPS service: shutdown
\o libManager is exiting.
